2012-11-07 01:22:11,629 [resin-port-8080-17] ERROR org.apache.wicket.DefaultExceptionMapper.internalMap(DefaultExceptionMapper.java:123) - Unexpected error occurred
org.apache.wicket.WicketRuntimeException: Method onLinkClicked of interface org.apache.wicket.markup.html.link.ILinkListener targeted at [Link [Component id = link]] on component [Link [Component id = link]] threw an exception
	at org.apache.wicket.RequestListenerInterface.internalInvoke(RequestListenerInterface.java:268)
	at org.apache.wicket.RequestListenerInterface.invoke(RequestListenerInterface.java:216)
	at org.apache.wicket.core.request.handler.ListenerInterfaceRequestHandler.invokeListener(ListenerInterfaceRequestHandler.java:240)
	at org.apache.wicket.core.request.handler.ListenerInterfaceRequestHandler.respond(ListenerInterfaceRequestHandler.java:226)
	at org.apache.wicket.request.cycle.RequestCycle$HandlerExecutor.respond(RequestCycle.java:830)
	at org.apache.wicket.request.RequestHandlerStack.execute(RequestHandlerStack.java:64)
	at org.apache.wicket.request.cycle.RequestCycle.execute(RequestCycle.java:253)
	at org.apache.wicket.request.cycle.RequestCycle.processRequest(RequestCycle.java:210)
	at org.apache.wicket.request.cycle.RequestCycle.processRequestAndDetach(RequestCycle.java:281)
	at org.apache.wicket.protocol.http.WicketFilter.processRequest(WicketFilter.java:188)
	at org.apache.wicket.protocol.http.WicketFilter.doFilter(WicketFilter.java:245)
	at com.caucho.server.dispatch.FilterFilterChain.doFilter(FilterFilterChain.java:89)
	at com.caucho.server.webapp.WebAppFilterChain.doFilter(WebAppFilterChain.java:156)
	at com.caucho.server.dispatch.ServletInvocation.service(ServletInvocation.java:289)
	at com.caucho.server.http.HttpRequest.handleRequest(HttpRequest.java:838)
	at com.caucho.network.listen.TcpSocketLink.dispatchRequest(TcpSocketLink.java:1309)
	at com.caucho.network.listen.TcpSocketLink.handleRequest(TcpSocketLink.java:1265)
	at com.caucho.network.listen.TcpSocketLink.handleRequestsImpl(TcpSocketLink.java:1249)
	at com.caucho.network.listen.TcpSocketLink.handleRequests(TcpSocketLink.java:1157)
	at com.caucho.network.listen.TcpSocketLink.handleAcceptTaskImpl(TcpSocketLink.java:956)
	at com.caucho.network.listen.ConnectionTask.runThread(ConnectionTask.java:117)
	at com.caucho.network.listen.ConnectionTask.run(ConnectionTask.java:93)
	at com.caucho.network.listen.SocketLinkThreadLauncher.handleTasks(SocketLinkThreadLauncher.java:169)
	at com.caucho.network.listen.TcpSocketAcceptThread.run(TcpSocketAcceptThread.java:61)
	at com.caucho.env.thread2.ResinThread2.runTasks(ResinThread2.java:173)
	at com.caucho.env.thread2.ResinThread2.run(ResinThread2.java:118)
Caused by: java.lang.reflect.InvocationTargetException
	at sun.reflect.NativeMethodAccessorImpl.invoke0(Native Method)
	at sun.reflect.NativeMethodAccessorImpl.invoke(Unknown Source)
	at sun.reflect.DelegatingMethodAccessorImpl.invoke(Unknown Source)
	at java.lang.reflect.Method.invoke(Unknown Source)
	at org.apache.wicket.RequestListenerInterface.internalInvoke(RequestListenerInterface.java:258)
	... 25 more
Caused by: java.lang.IllegalStateException: This method can only be called on a component that has already been added to its parent.
	at org.apache.wicket.Component.replaceWith(Component.java:2738)
	at com.emo.skeleton.web.ui.HomePage$2.onChoice(HomePage.java:72)
	at com.emo.skeleton.web.ui.CommandListPanel$1.onClick(CommandListPanel.java:46)
	at org.apache.wicket.markup.html.link.Link.onLinkClicked(Link.java:190)
	... 30 more
2012-11-07 01:22:15,559 [resin-port-8080-17] ERROR org.apache.wicket.DefaultExceptionMapper.internalMap(DefaultExceptionMapper.java:123) - Unexpected error occurred
org.apache.wicket.WicketRuntimeException: Method onLinkClicked of interface org.apache.wicket.markup.html.link.ILinkListener targeted at [Link [Component id = link]] on component [Link [Component id = link]] threw an exception
	at org.apache.wicket.RequestListenerInterface.internalInvoke(RequestListenerInterface.java:268)
	at org.apache.wicket.RequestListenerInterface.invoke(RequestListenerInterface.java:216)
	at org.apache.wicket.core.request.handler.ListenerInterfaceRequestHandler.invokeListener(ListenerInterfaceRequestHandler.java:240)
	at org.apache.wicket.core.request.handler.ListenerInterfaceRequestHandler.respond(ListenerInterfaceRequestHandler.java:226)
	at org.apache.wicket.request.cycle.RequestCycle$HandlerExecutor.respond(RequestCycle.java:830)
	at org.apache.wicket.request.RequestHandlerStack.execute(RequestHandlerStack.java:64)
	at org.apache.wicket.request.cycle.RequestCycle.execute(RequestCycle.java:253)
	at org.apache.wicket.request.cycle.RequestCycle.processRequest(RequestCycle.java:210)
	at org.apache.wicket.request.cycle.RequestCycle.processRequestAndDetach(RequestCycle.java:281)
	at org.apache.wicket.protocol.http.WicketFilter.processRequest(WicketFilter.java:188)
	at org.apache.wicket.protocol.http.WicketFilter.doFilter(WicketFilter.java:245)
	at com.caucho.server.dispatch.FilterFilterChain.doFilter(FilterFilterChain.java:89)
	at com.caucho.server.webapp.WebAppFilterChain.doFilter(WebAppFilterChain.java:156)
	at com.caucho.server.dispatch.ServletInvocation.service(ServletInvocation.java:289)
	at com.caucho.server.http.HttpRequest.handleRequest(HttpRequest.java:838)
	at com.caucho.network.listen.TcpSocketLink.dispatchRequest(TcpSocketLink.java:1309)
	at com.caucho.network.listen.TcpSocketLink.handleRequest(TcpSocketLink.java:1265)
	at com.caucho.network.listen.TcpSocketLink.handleRequestsImpl(TcpSocketLink.java:1249)
	at com.caucho.network.listen.TcpSocketLink.handleRequests(TcpSocketLink.java:1157)
	at com.caucho.network.listen.TcpSocketLink.handleAcceptTaskImpl(TcpSocketLink.java:956)
	at com.caucho.network.listen.ConnectionTask.runThread(ConnectionTask.java:117)
	at com.caucho.network.listen.ConnectionTask.run(ConnectionTask.java:93)
	at com.caucho.network.listen.SocketLinkThreadLauncher.handleTasks(SocketLinkThreadLauncher.java:169)
	at com.caucho.network.listen.TcpSocketAcceptThread.run(TcpSocketAcceptThread.java:61)
	at com.caucho.env.thread2.ResinThread2.runTasks(ResinThread2.java:173)
	at com.caucho.env.thread2.ResinThread2.run(ResinThread2.java:118)
Caused by: java.lang.reflect.InvocationTargetException
	at sun.reflect.NativeMethodAccessorImpl.invoke0(Native Method)
	at sun.reflect.NativeMethodAccessorImpl.invoke(Unknown Source)
	at sun.reflect.DelegatingMethodAccessorImpl.invoke(Unknown Source)
	at java.lang.reflect.Method.invoke(Unknown Source)
	at org.apache.wicket.RequestListenerInterface.internalInvoke(RequestListenerInterface.java:258)
	... 25 more
Caused by: java.lang.IllegalStateException: This method can only be called on a component that has already been added to its parent.
	at org.apache.wicket.Component.replaceWith(Component.java:2738)
	at com.emo.skeleton.web.ui.HomePage$2.onChoice(HomePage.java:72)
	at com.emo.skeleton.web.ui.CommandListPanel$1.onClick(CommandListPanel.java:46)
	at org.apache.wicket.markup.html.link.Link.onLinkClicked(Link.java:190)
	... 30 more
2012-11-07 01:23:20,505 [main] INFO  org.hibernate.annotations.common.Version.<clinit>(Version.java:37) - HCANN000001: Hibernate Commons Annotations {4.0.1.Final}
2012-11-07 01:23:20,520 [main] INFO  org.hibernate.Version.logVersion(Version.java:41) - HHH000412: Hibernate Core {4.1.1}
2012-11-07 01:23:20,524 [main] INFO  org.hibernate.cfg.Environment.<clinit>(Environment.java:239) - HHH000206: hibernate.properties not found
2012-11-07 01:23:20,526 [main] INFO  org.hibernate.cfg.Environment.buildBytecodeProvider(Environment.java:342) - HHH000021: Bytecode provider name : javassist
2012-11-07 01:23:20,565 [main] INFO  org.hibernate.ejb.Ejb3Configuration.configure(Ejb3Configuration.java:526) - HHH000204: Processing PersistenceUnitInfo [
	name: sample
	...]
2012-11-07 01:23:21,174 [main] INFO  org.hibernate.service.jdbc.connections.internal.ConnectionProviderInitiator.instantiateExplicitConnectionProvider(ConnectionProviderInitiator.java:188) - HHH000130: Instantiating explicit connection provider: org.hibernate.ejb.connection.InjectedDataSourceConnectionProvider
2012-11-07 01:23:21,242 [main] INFO  org.hibernate.dialect.Dialect.<init>(Dialect.java:122) - HHH000400: Using dialect: org.hibernate.dialect.HSQLDialect
2012-11-07 01:23:21,279 [main] INFO  org.hibernate.engine.transaction.internal.TransactionFactoryInitiator.initiateService(TransactionFactoryInitiator.java:73) - HHH000268: Transaction strategy: org.hibernate.engine.transaction.internal.jdbc.JdbcTransactionFactory
2012-11-07 01:23:21,287 [main] INFO  org.hibernate.hql.internal.ast.ASTQueryTranslatorFactory.<init>(ASTQueryTranslatorFactory.java:48) - HHH000397: Using ASTQueryTranslatorFactory
2012-11-07 01:23:22,357 [main] DEBUG org.springframework.transaction.interceptor.AbstractFallbackTransactionAttributeSource.getTransactionAttribute(AbstractFallbackTransactionAttributeSource.java:106) - Adding transactional method 'handle' with attribute: PROPAGATION_REQUIRES_NEW,ISOLATION_DEFAULT; ''
2012-11-07 01:23:22,387 [main] DEBUG org.springframework.transaction.interceptor.AbstractFallbackTransactionAttributeSource.getTransactionAttribute(AbstractFallbackTransactionAttributeSource.java:106) - Adding transactional method 'handle' with attribute: PROPAGATION_REQUIRES_NEW,ISOLATION_DEFAULT; ''
2012-11-07 01:23:22,399 [main] DEBUG org.springframework.transaction.interceptor.AbstractFallbackTransactionAttributeSource.getTransactionAttribute(AbstractFallbackTransactionAttributeSource.java:106) - Adding transactional method 'handle' with attribute: PROPAGATION_REQUIRED,ISOLATION_DEFAULT; ''
2012-11-07 01:25:33,967 [main] INFO  org.hibernate.annotations.common.Version.<clinit>(Version.java:37) - HCANN000001: Hibernate Commons Annotations {4.0.1.Final}
2012-11-07 01:25:33,982 [main] INFO  org.hibernate.Version.logVersion(Version.java:41) - HHH000412: Hibernate Core {4.1.1}
2012-11-07 01:25:33,985 [main] INFO  org.hibernate.cfg.Environment.<clinit>(Environment.java:239) - HHH000206: hibernate.properties not found
2012-11-07 01:25:33,988 [main] INFO  org.hibernate.cfg.Environment.buildBytecodeProvider(Environment.java:342) - HHH000021: Bytecode provider name : javassist
2012-11-07 01:25:34,028 [main] INFO  org.hibernate.ejb.Ejb3Configuration.configure(Ejb3Configuration.java:526) - HHH000204: Processing PersistenceUnitInfo [
	name: sample
	...]
2012-11-07 01:25:34,633 [main] INFO  org.hibernate.service.jdbc.connections.internal.ConnectionProviderInitiator.instantiateExplicitConnectionProvider(ConnectionProviderInitiator.java:188) - HHH000130: Instantiating explicit connection provider: org.hibernate.ejb.connection.InjectedDataSourceConnectionProvider
2012-11-07 01:25:34,699 [main] INFO  org.hibernate.dialect.Dialect.<init>(Dialect.java:122) - HHH000400: Using dialect: org.hibernate.dialect.HSQLDialect
2012-11-07 01:25:34,736 [main] INFO  org.hibernate.engine.transaction.internal.TransactionFactoryInitiator.initiateService(TransactionFactoryInitiator.java:73) - HHH000268: Transaction strategy: org.hibernate.engine.transaction.internal.jdbc.JdbcTransactionFactory
2012-11-07 01:25:34,745 [main] INFO  org.hibernate.hql.internal.ast.ASTQueryTranslatorFactory.<init>(ASTQueryTranslatorFactory.java:48) - HHH000397: Using ASTQueryTranslatorFactory
2012-11-07 01:25:35,810 [main] DEBUG org.springframework.transaction.interceptor.AbstractFallbackTransactionAttributeSource.getTransactionAttribute(AbstractFallbackTransactionAttributeSource.java:106) - Adding transactional method 'handle' with attribute: PROPAGATION_REQUIRES_NEW,ISOLATION_DEFAULT; ''
2012-11-07 01:25:35,839 [main] DEBUG org.springframework.transaction.interceptor.AbstractFallbackTransactionAttributeSource.getTransactionAttribute(AbstractFallbackTransactionAttributeSource.java:106) - Adding transactional method 'handle' with attribute: PROPAGATION_REQUIRES_NEW,ISOLATION_DEFAULT; ''
2012-11-07 01:25:35,850 [main] DEBUG org.springframework.transaction.interceptor.AbstractFallbackTransactionAttributeSource.getTransactionAttribute(AbstractFallbackTransactionAttributeSource.java:106) - Adding transactional method 'handle' with attribute: PROPAGATION_REQUIRED,ISOLATION_DEFAULT; ''
2012-11-07 01:26:49,466 [main] INFO  org.hibernate.annotations.common.Version.<clinit>(Version.java:37) - HCANN000001: Hibernate Commons Annotations {4.0.1.Final}
2012-11-07 01:26:49,481 [main] INFO  org.hibernate.Version.logVersion(Version.java:41) - HHH000412: Hibernate Core {4.1.1}
2012-11-07 01:26:49,485 [main] INFO  org.hibernate.cfg.Environment.<clinit>(Environment.java:239) - HHH000206: hibernate.properties not found
2012-11-07 01:26:49,487 [main] INFO  org.hibernate.cfg.Environment.buildBytecodeProvider(Environment.java:342) - HHH000021: Bytecode provider name : javassist
2012-11-07 01:26:49,526 [main] INFO  org.hibernate.ejb.Ejb3Configuration.configure(Ejb3Configuration.java:526) - HHH000204: Processing PersistenceUnitInfo [
	name: sample
	...]
2012-11-07 01:26:50,135 [main] INFO  org.hibernate.service.jdbc.connections.internal.ConnectionProviderInitiator.instantiateExplicitConnectionProvider(ConnectionProviderInitiator.java:188) - HHH000130: Instantiating explicit connection provider: org.hibernate.ejb.connection.InjectedDataSourceConnectionProvider
2012-11-07 01:26:50,201 [main] INFO  org.hibernate.dialect.Dialect.<init>(Dialect.java:122) - HHH000400: Using dialect: org.hibernate.dialect.HSQLDialect
2012-11-07 01:26:50,237 [main] INFO  org.hibernate.engine.transaction.internal.TransactionFactoryInitiator.initiateService(TransactionFactoryInitiator.java:73) - HHH000268: Transaction strategy: org.hibernate.engine.transaction.internal.jdbc.JdbcTransactionFactory
2012-11-07 01:26:50,246 [main] INFO  org.hibernate.hql.internal.ast.ASTQueryTranslatorFactory.<init>(ASTQueryTranslatorFactory.java:48) - HHH000397: Using ASTQueryTranslatorFactory
2012-11-07 01:26:51,331 [main] DEBUG org.springframework.transaction.interceptor.AbstractFallbackTransactionAttributeSource.getTransactionAttribute(AbstractFallbackTransactionAttributeSource.java:106) - Adding transactional method 'handle' with attribute: PROPAGATION_REQUIRES_NEW,ISOLATION_DEFAULT; ''
2012-11-07 01:26:51,361 [main] DEBUG org.springframework.transaction.interceptor.AbstractFallbackTransactionAttributeSource.getTransactionAttribute(AbstractFallbackTransactionAttributeSource.java:106) - Adding transactional method 'handle' with attribute: PROPAGATION_REQUIRES_NEW,ISOLATION_DEFAULT; ''
2012-11-07 01:26:51,373 [main] DEBUG org.springframework.transaction.interceptor.AbstractFallbackTransactionAttributeSource.getTransactionAttribute(AbstractFallbackTransactionAttributeSource.java:106) - Adding transactional method 'handle' with attribute: PROPAGATION_REQUIRED,ISOLATION_DEFAULT; ''
